2026-02-20 12:08:00 [nmbp-admin-backend] info: redis :: Redis replica host not found. falling back to the primary redis host 
2026-02-20 12:08:01 [nmbp-admin-backend] info: objectStorageUtility :: Using Minio 
2026-02-20 12:08:01 [nmbp-admin-backend] error: uncaughtException: тип Unable to compile TypeScript:
[96msrc/main/startup/routes.ts[0m:[93m9[0m:[93m31[0m - [91merror[0m[90m TS2307: [0mCannot find module '../api/routes/formBuilderRouter' or its corresponding type declarations.

[7m9[0m import formBuilderRouter from "../api/routes/formBuilderRouter";
[7m [0m [91m                              ~~~~~~~~~~~~~~~~~~~~~~~~~~~~~~~~~[0m
[96msrc/main/startup/routes.ts[0m:[93m10[0m:[93m27[0m - [91merror[0m[90m TS2307: [0mCannot find module '../api/routes/tenantsRouter' or its corresponding type declarations.

[7m10[0m import tenantsRouter from "../api/routes/tenantsRouter";
[7m  [0m [91m                          ~~~~~~~~~~~~~~~~~~~~~~~~~~~~~[0m
[96msrc/main/startup/routes.ts[0m:[93m11[0m:[93m28[0m - [91merror[0m[90m TS2307: [0mCannot find module '../api/routes/projectsRouter' or its corresponding type declarations.

[7m11[0m import projectsRouter from "../api/routes/projectsRouter";
[7m  [0m [91m                           ~~~~~~~~~~~~~~~~~~~~~~~~~~~~~~[0m

TSError: тип Unable to compile TypeScript:
[96msrc/main/startup/routes.ts[0m:[93m9[0m:[93m31[0m - [91merror[0m[90m TS2307: [0mCannot find module '../api/routes/formBuilderRouter' or its corresponding type declarations.

[7m9[0m import formBuilderRouter from "../api/routes/formBuilderRouter";
[7m [0m [91m                              ~~~~~~~~~~~~~~~~~~~~~~~~~~~~~~~~~[0m
[96msrc/main/startup/routes.ts[0m:[93m10[0m:[93m27[0m - [91merror[0m[90m TS2307: [0mCannot find module '../api/routes/tenantsRouter' or its corresponding type declarations.

[7m10[0m import tenantsRouter from "../api/routes/tenantsRouter";
[7m  [0m [91m                          ~~~~~~~~~~~~~~~~~~~~~~~~~~~~~[0m
[96msrc/main/startup/routes.ts[0m:[93m11[0m:[93m28[0m - [91merror[0m[90m TS2307: [0mCannot find module '../api/routes/projectsRouter' or its corresponding type declarations.

[7m11[0m import projectsRouter from "../api/routes/projectsRouter";
[7m  [0m [91m                           ~~~~~~~~~~~~~~~~~~~~~~~~~~~~~~[0m

    at createTSError (/home/pillirs/projects/nmbp/nmbp-admin-backend/node_modules/ts-node/src/index.ts:859:12)
    at reportTSError (/home/pillirs/projects/nmbp/nmbp-admin-backend/node_modules/ts-node/src/index.ts:863:19)
    at getOutput (/home/pillirs/projects/nmbp/nmbp-admin-backend/node_modules/ts-node/src/index.ts:1077:36)
    at Object.compile (/home/pillirs/projects/nmbp/nmbp-admin-backend/node_modules/ts-node/src/index.ts:1433:41)
    at Module.m._compile (/home/pillirs/projects/nmbp/nmbp-admin-backend/node_modules/ts-node/src/index.ts:1617:30)
    at Module._extensions..js (node:internal/modules/cjs/loader:1422:10)
    at Object.require.extensions.<computed> [as .ts] (/home/pillirs/projects/nmbp/nmbp-admin-backend/node_modules/ts-node/src/index.ts:1621:12)
    at Module.load (node:internal/modules/cjs/loader:1203:32)
    at Function.Module._load (node:internal/modules/cjs/loader:1019:12)
    at Module.require (node:internal/modules/cjs/loader:1231:19)
    at require (node:internal/modules/helpers:177:18)
    at Object.<anonymous> (/home/pillirs/projects/nmbp/nmbp-admin-backend/src/main/app.ts:13:1)
    at Module._compile (node:internal/modules/cjs/loader:1364:14)
    at Module.m._compile (/home/pillirs/projects/nmbp/nmbp-admin-backend/node_modules/ts-node/src/index.ts:1618:23)
    at Module._extensions..js (node:internal/modules/cjs/loader:1422:10)
    at Object.require.extensions.<computed> [as .ts] (/home/pillirs/projects/nmbp/nmbp-admin-backend/node_modules/ts-node/src/index.ts:1621:12) 
2026-02-20 12:08:01 [nmbp-admin-backend] info: redis :: redis client connected 
2026-02-20 12:08:01 [nmbp-admin-backend] info: redis :: redis clientReader connected 
2026-02-20 12:23:18 [nmbp-admin-backend] info: redis :: Redis replica host not found. falling back to the primary redis host 
2026-02-20 12:23:19 [nmbp-admin-backend] info: objectStorageUtility :: Using Minio 
2026-02-20 12:23:20 [nmbp-admin-backend] error: uncaughtException: тип Unable to compile TypeScript:
[96msrc/main/startup/routes.ts[0m:[93m9[0m:[93m31[0m - [91merror[0m[90m TS2307: [0mCannot find module '../api/routes/formBuilderRouter' or its corresponding type declarations.

[7m9[0m import formBuilderRouter from "../api/routes/formBuilderRouter";
[7m [0m [91m                              ~~~~~~~~~~~~~~~~~~~~~~~~~~~~~~~~~[0m
[96msrc/main/startup/routes.ts[0m:[93m10[0m:[93m27[0m - [91merror[0m[90m TS2307: [0mCannot find module '../api/routes/tenantsRouter' or its corresponding type declarations.

[7m10[0m import tenantsRouter from "../api/routes/tenantsRouter";
[7m  [0m [91m                          ~~~~~~~~~~~~~~~~~~~~~~~~~~~~~[0m
[96msrc/main/startup/routes.ts[0m:[93m11[0m:[93m28[0m - [91merror[0m[90m TS2307: [0mCannot find module '../api/routes/projectsRouter' or its corresponding type declarations.

[7m11[0m import projectsRouter from "../api/routes/projectsRouter";
[7m  [0m [91m                           ~~~~~~~~~~~~~~~~~~~~~~~~~~~~~~[0m

TSError: тип Unable to compile TypeScript:
[96msrc/main/startup/routes.ts[0m:[93m9[0m:[93m31[0m - [91merror[0m[90m TS2307: [0mCannot find module '../api/routes/formBuilderRouter' or its corresponding type declarations.

[7m9[0m import formBuilderRouter from "../api/routes/formBuilderRouter";
[7m [0m [91m                              ~~~~~~~~~~~~~~~~~~~~~~~~~~~~~~~~~[0m
[96msrc/main/startup/routes.ts[0m:[93m10[0m:[93m27[0m - [91merror[0m[90m TS2307: [0mCannot find module '../api/routes/tenantsRouter' or its corresponding type declarations.

[7m10[0m import tenantsRouter from "../api/routes/tenantsRouter";
[7m  [0m [91m                          ~~~~~~~~~~~~~~~~~~~~~~~~~~~~~[0m
[96msrc/main/startup/routes.ts[0m:[93m11[0m:[93m28[0m - [91merror[0m[90m TS2307: [0mCannot find module '../api/routes/projectsRouter' or its corresponding type declarations.

[7m11[0m import projectsRouter from "../api/routes/projectsRouter";
[7m  [0m [91m                           ~~~~~~~~~~~~~~~~~~~~~~~~~~~~~~[0m

    at createTSError (/home/pillirs/projects/nmbp/nmbp-admin-backend/node_modules/ts-node/src/index.ts:859:12)
    at reportTSError (/home/pillirs/projects/nmbp/nmbp-admin-backend/node_modules/ts-node/src/index.ts:863:19)
    at getOutput (/home/pillirs/projects/nmbp/nmbp-admin-backend/node_modules/ts-node/src/index.ts:1077:36)
    at Object.compile (/home/pillirs/projects/nmbp/nmbp-admin-backend/node_modules/ts-node/src/index.ts:1433:41)
    at Module.m._compile (/home/pillirs/projects/nmbp/nmbp-admin-backend/node_modules/ts-node/src/index.ts:1617:30)
    at Module._extensions..js (node:internal/modules/cjs/loader:1422:10)
    at Object.require.extensions.<computed> [as .ts] (/home/pillirs/projects/nmbp/nmbp-admin-backend/node_modules/ts-node/src/index.ts:1621:12)
    at Module.load (node:internal/modules/cjs/loader:1203:32)
    at Function.Module._load (node:internal/modules/cjs/loader:1019:12)
    at Module.require (node:internal/modules/cjs/loader:1231:19)
    at require (node:internal/modules/helpers:177:18)
    at Object.<anonymous> (/home/pillirs/projects/nmbp/nmbp-admin-backend/src/main/app.ts:13:1)
    at Module._compile (node:internal/modules/cjs/loader:1364:14)
    at Module.m._compile (/home/pillirs/projects/nmbp/nmbp-admin-backend/node_modules/ts-node/src/index.ts:1618:23)
    at Module._extensions..js (node:internal/modules/cjs/loader:1422:10)
    at Object.require.extensions.<computed> [as .ts] (/home/pillirs/projects/nmbp/nmbp-admin-backend/node_modules/ts-node/src/index.ts:1621:12) 
2026-02-20 12:23:20 [nmbp-admin-backend] info: redis :: redis client connected 
2026-02-20 12:23:20 [nmbp-admin-backend] info: redis :: redis clientReader connected 
2026-02-20 13:00:24 [nmbp-admin-backend] info: redis :: Redis replica host not found. falling back to the primary redis host 
2026-02-20 13:00:25 [nmbp-admin-backend] info: objectStorageUtility :: Using Minio 
2026-02-20 13:00:26 [nmbp-admin-backend] error: uncaughtException: тип Unable to compile TypeScript:
[96msrc/main/api/controllers/index.ts[0m:[93m6[0m:[93m31[0m - [91merror[0m[90m TS2307: [0mCannot find module './tenantsController' or its corresponding type declarations.

[7m6[0m import tenantsController from "./tenantsController";
[7m [0m [91m                              ~~~~~~~~~~~~~~~~~~~~~[0m
[96msrc/main/api/controllers/index.ts[0m:[93m7[0m:[93m32[0m - [91merror[0m[90m TS2307: [0mCannot find module './projectsController' or its corresponding type declarations.

[7m7[0m import projectsController from "./projectsController";
[7m [0m [91m                               ~~~~~~~~~~~~~~~~~~~~~~[0m
[96msrc/main/api/controllers/index.ts[0m:[93m8[0m:[93m35[0m - [91merror[0m[90m TS2307: [0mCannot find module './formBuilderController' or its corresponding type declarations.

[7m8[0m import formBuilderController from "./formBuilderController";
[7m [0m [91m                                  ~~~~~~~~~~~~~~~~~~~~~~~~~[0m

TSError: тип Unable to compile TypeScript:
[96msrc/main/api/controllers/index.ts[0m:[93m6[0m:[93m31[0m - [91merror[0m[90m TS2307: [0mCannot find module './tenantsController' or its corresponding type declarations.

[7m6[0m import tenantsController from "./tenantsController";
[7m [0m [91m                              ~~~~~~~~~~~~~~~~~~~~~[0m
[96msrc/main/api/controllers/index.ts[0m:[93m7[0m:[93m32[0m - [91merror[0m[90m TS2307: [0mCannot find module './projectsController' or its corresponding type declarations.

[7m7[0m import projectsController from "./projectsController";
[7m [0m [91m                               ~~~~~~~~~~~~~~~~~~~~~~[0m
[96msrc/main/api/controllers/index.ts[0m:[93m8[0m:[93m35[0m - [91merror[0m[90m TS2307: [0mCannot find module './formBuilderController' or its corresponding type declarations.

[7m8[0m import formBuilderController from "./formBuilderController";
[7m [0m [91m                                  ~~~~~~~~~~~~~~~~~~~~~~~~~[0m

    at createTSError (/home/pillirs/projects/nmbp/nmbp-admin-backend/node_modules/ts-node/src/index.ts:859:12)
    at reportTSError (/home/pillirs/projects/nmbp/nmbp-admin-backend/node_modules/ts-node/src/index.ts:863:19)
    at getOutput (/home/pillirs/projects/nmbp/nmbp-admin-backend/node_modules/ts-node/src/index.ts:1077:36)
    at Object.compile (/home/pillirs/projects/nmbp/nmbp-admin-backend/node_modules/ts-node/src/index.ts:1433:41)
    at Module.m._compile (/home/pillirs/projects/nmbp/nmbp-admin-backend/node_modules/ts-node/src/index.ts:1617:30)
    at Module._extensions..js (node:internal/modules/cjs/loader:1422:10)
    at Object.require.extensions.<computed> [as .ts] (/home/pillirs/projects/nmbp/nmbp-admin-backend/node_modules/ts-node/src/index.ts:1621:12)
    at Module.load (node:internal/modules/cjs/loader:1203:32)
    at Function.Module._load (node:internal/modules/cjs/loader:1019:12)
    at Module.require (node:internal/modules/cjs/loader:1231:19)
    at require (node:internal/modules/helpers:177:18)
    at Object.<anonymous> (/home/pillirs/projects/nmbp/nmbp-admin-backend/src/main/api/routes/adminRouter.ts:2:1)
    at Module._compile (node:internal/modules/cjs/loader:1364:14)
    at Module.m._compile (/home/pillirs/projects/nmbp/nmbp-admin-backend/node_modules/ts-node/src/index.ts:1618:23)
    at Module._extensions..js (node:internal/modules/cjs/loader:1422:10)
    at Object.require.extensions.<computed> [as .ts] (/home/pillirs/projects/nmbp/nmbp-admin-backend/node_modules/ts-node/src/index.ts:1621:12) 
2026-02-20 13:00:26 [nmbp-admin-backend] info: redis :: redis client connected 
2026-02-20 13:00:26 [nmbp-admin-backend] info: redis :: redis clientReader connected 
2026-02-20 13:01:04 [nmbp-admin-backend] info: redis :: Redis replica host not found. falling back to the primary redis host 
2026-02-20 13:01:06 [nmbp-admin-backend] info: objectStorageUtility :: Using Minio 
2026-02-20 13:01:07 [nmbp-admin-backend] error: uncaughtException: тип Unable to compile TypeScript:
[96msrc/main/api/repositories/index.ts[0m:[93m5[0m:[93m35[0m - [91merror[0m[90m TS2307: [0mCannot find module './formBuilderRepository' or its corresponding type declarations.

[7m5[0m import formBuilderRepository from "./formBuilderRepository";
[7m [0m [91m                                  ~~~~~~~~~~~~~~~~~~~~~~~~~[0m

TSError: тип Unable to compile TypeScript:
[96msrc/main/api/repositories/index.ts[0m:[93m5[0m:[93m35[0m - [91merror[0m[90m TS2307: [0mCannot find module './formBuilderRepository' or its corresponding type declarations.

[7m5[0m import formBuilderRepository from "./formBuilderRepository";
[7m [0m [91m                                  ~~~~~~~~~~~~~~~~~~~~~~~~~[0m

    at createTSError (/home/pillirs/projects/nmbp/nmbp-admin-backend/node_modules/ts-node/src/index.ts:859:12)
    at reportTSError (/home/pillirs/projects/nmbp/nmbp-admin-backend/node_modules/ts-node/src/index.ts:863:19)
    at getOutput (/home/pillirs/projects/nmbp/nmbp-admin-backend/node_modules/ts-node/src/index.ts:1077:36)
    at Object.compile (/home/pillirs/projects/nmbp/nmbp-admin-backend/node_modules/ts-node/src/index.ts:1433:41)
    at Module.m._compile (/home/pillirs/projects/nmbp/nmbp-admin-backend/node_modules/ts-node/src/index.ts:1617:30)
    at Module._extensions..js (node:internal/modules/cjs/loader:1422:10)
    at Object.require.extensions.<computed> [as .ts] (/home/pillirs/projects/nmbp/nmbp-admin-backend/node_modules/ts-node/src/index.ts:1621:12)
    at Module.load (node:internal/modules/cjs/loader:1203:32)
    at Function.Module._load (node:internal/modules/cjs/loader:1019:12)
    at Module.require (node:internal/modules/cjs/loader:1231:19)
    at require (node:internal/modules/helpers:177:18)
    at Object.<anonymous> (/home/pillirs/projects/nmbp/nmbp-admin-backend/src/main/api/services/usersService.ts:16:1)
    at Module._compile (node:internal/modules/cjs/loader:1364:14)
    at Module.m._compile (/home/pillirs/projects/nmbp/nmbp-admin-backend/node_modules/ts-node/src/index.ts:1618:23)
    at Module._extensions..js (node:internal/modules/cjs/loader:1422:10)
    at Object.require.extensions.<computed> [as .ts] (/home/pillirs/projects/nmbp/nmbp-admin-backend/node_modules/ts-node/src/index.ts:1621:12) 
2026-02-20 13:01:07 [nmbp-admin-backend] info: redis :: redis client connected 
2026-02-20 13:01:07 [nmbp-admin-backend] info: redis :: redis clientReader connected 
2026-02-20 13:01:16 [nmbp-admin-backend] info: redis :: Redis replica host not found. falling back to the primary redis host 
2026-02-20 13:01:18 [nmbp-admin-backend] info: objectStorageUtility :: Using Minio 
2026-02-20 13:01:19 [nmbp-admin-backend] error: uncaughtException: тип Unable to compile TypeScript:
[96msrc/main/api/repositories/index.ts[0m:[93m5[0m:[93m35[0m - [91merror[0m[90m TS2307: [0mCannot find module './formBuilderRepository' or its corresponding type declarations.

[7m5[0m import formBuilderRepository from "./formBuilderRepository";
[7m [0m [91m                                  ~~~~~~~~~~~~~~~~~~~~~~~~~[0m

TSError: тип Unable to compile TypeScript:
[96msrc/main/api/repositories/index.ts[0m:[93m5[0m:[93m35[0m - [91merror[0m[90m TS2307: [0mCannot find module './formBuilderRepository' or its corresponding type declarations.

[7m5[0m import formBuilderRepository from "./formBuilderRepository";
[7m [0m [91m                                  ~~~~~~~~~~~~~~~~~~~~~~~~~[0m

    at createTSError (/home/pillirs/projects/nmbp/nmbp-admin-backend/node_modules/ts-node/src/index.ts:859:12)
    at reportTSError (/home/pillirs/projects/nmbp/nmbp-admin-backend/node_modules/ts-node/src/index.ts:863:19)
    at getOutput (/home/pillirs/projects/nmbp/nmbp-admin-backend/node_modules/ts-node/src/index.ts:1077:36)
    at Object.compile (/home/pillirs/projects/nmbp/nmbp-admin-backend/node_modules/ts-node/src/index.ts:1433:41)
    at Module.m._compile (/home/pillirs/projects/nmbp/nmbp-admin-backend/node_modules/ts-node/src/index.ts:1617:30)
    at Module._extensions..js (node:internal/modules/cjs/loader:1422:10)
    at Object.require.extensions.<computed> [as .ts] (/home/pillirs/projects/nmbp/nmbp-admin-backend/node_modules/ts-node/src/index.ts:1621:12)
    at Module.load (node:internal/modules/cjs/loader:1203:32)
    at Function.Module._load (node:internal/modules/cjs/loader:1019:12)
    at Module.require (node:internal/modules/cjs/loader:1231:19)
    at require (node:internal/modules/helpers:177:18)
    at Object.<anonymous> (/home/pillirs/projects/nmbp/nmbp-admin-backend/src/main/api/services/usersService.ts:16:1)
    at Module._compile (node:internal/modules/cjs/loader:1364:14)
    at Module.m._compile (/home/pillirs/projects/nmbp/nmbp-admin-backend/node_modules/ts-node/src/index.ts:1618:23)
    at Module._extensions..js (node:internal/modules/cjs/loader:1422:10)
    at Object.require.extensions.<computed> [as .ts] (/home/pillirs/projects/nmbp/nmbp-admin-backend/node_modules/ts-node/src/index.ts:1621:12) 
2026-02-20 13:01:19 [nmbp-admin-backend] info: redis :: redis client connected 
2026-02-20 13:01:19 [nmbp-admin-backend] info: redis :: redis clientReader connected 
2026-02-20 13:01:34 [nmbp-admin-backend] info: redis :: Redis replica host not found. falling back to the primary redis host 
2026-02-20 13:01:36 [nmbp-admin-backend] info: objectStorageUtility :: Using Minio 
2026-02-20 13:01:38 [nmbp-admin-backend] error: uncaughtException: тип Unable to compile TypeScript:
[96msrc/main/api/validations/index.ts[0m:[93m5[0m:[93m31[0m - [91merror[0m[90m TS2307: [0mCannot find module './tenantValidations' or its corresponding type declarations.

[7m5[0m import tenantValidations from "./tenantValidations";
[7m [0m [91m                              ~~~~~~~~~~~~~~~~~~~~~[0m
[96msrc/main/api/validations/index.ts[0m:[93m6[0m:[93m32[0m - [91merror[0m[90m TS2307: [0mCannot find module './projectValidations' or its corresponding type declarations.

[7m6[0m import projectValidations from "./projectValidations";
[7m [0m [91m                               ~~~~~~~~~~~~~~~~~~~~~~[0m
[96msrc/main/api/validations/index.ts[0m:[93m7[0m:[93m36[0m - [91merror[0m[90m TS2307: [0mCannot find module './formBuilderValidations' or its corresponding type declarations.

[7m7[0m import formBuilderValidations from "./formBuilderValidations";
[7m [0m [91m                                   ~~~~~~~~~~~~~~~~~~~~~~~~~~[0m

TSError: тип Unable to compile TypeScript:
[96msrc/main/api/validations/index.ts[0m:[93m5[0m:[93m31[0m - [91merror[0m[90m TS2307: [0mCannot find module './tenantValidations' or its corresponding type declarations.

[7m5[0m import tenantValidations from "./tenantValidations";
[7m [0m [91m                              ~~~~~~~~~~~~~~~~~~~~~[0m
[96msrc/main/api/validations/index.ts[0m:[93m6[0m:[93m32[0m - [91merror[0m[90m TS2307: [0mCannot find module './projectValidations' or its corresponding type declarations.

[7m6[0m import projectValidations from "./projectValidations";
[7m [0m [91m                               ~~~~~~~~~~~~~~~~~~~~~~[0m
[96msrc/main/api/validations/index.ts[0m:[93m7[0m:[93m36[0m - [91merror[0m[90m TS2307: [0mCannot find module './formBuilderValidations' or its corresponding type declarations.

[7m7[0m import formBuilderValidations from "./formBuilderValidations";
[7m [0m [91m                                   ~~~~~~~~~~~~~~~~~~~~~~~~~~[0m

    at createTSError (/home/pillirs/projects/nmbp/nmbp-admin-backend/node_modules/ts-node/src/index.ts:859:12)
    at reportTSError (/home/pillirs/projects/nmbp/nmbp-admin-backend/node_modules/ts-node/src/index.ts:863:19)
    at getOutput (/home/pillirs/projects/nmbp/nmbp-admin-backend/node_modules/ts-node/src/index.ts:1077:36)
    at Object.compile (/home/pillirs/projects/nmbp/nmbp-admin-backend/node_modules/ts-node/src/index.ts:1433:41)
    at Module.m._compile (/home/pillirs/projects/nmbp/nmbp-admin-backend/node_modules/ts-node/src/index.ts:1617:30)
    at Module._extensions..js (node:internal/modules/cjs/loader:1422:10)
    at Object.require.extensions.<computed> [as .ts] (/home/pillirs/projects/nmbp/nmbp-admin-backend/node_modules/ts-node/src/index.ts:1621:12)
    at Module.load (node:internal/modules/cjs/loader:1203:32)
    at Function.Module._load (node:internal/modules/cjs/loader:1019:12)
    at Module.require (node:internal/modules/cjs/loader:1231:19)
    at require (node:internal/modules/helpers:177:18)
    at Object.<anonymous> (/home/pillirs/projects/nmbp/nmbp-admin-backend/src/main/api/controllers/usersController.ts:9:1)
    at Module._compile (node:internal/modules/cjs/loader:1364:14)
    at Module.m._compile (/home/pillirs/projects/nmbp/nmbp-admin-backend/node_modules/ts-node/src/index.ts:1618:23)
    at Module._extensions..js (node:internal/modules/cjs/loader:1422:10)
    at Object.require.extensions.<computed> [as .ts] (/home/pillirs/projects/nmbp/nmbp-admin-backend/node_modules/ts-node/src/index.ts:1621:12) 
2026-02-20 13:01:38 [nmbp-admin-backend] info: redis :: redis client connected 
2026-02-20 13:01:38 [nmbp-admin-backend] info: redis :: redis clientReader connected 
2026-02-20 13:01:56 [nmbp-admin-backend] info: redis :: Redis replica host not found. falling back to the primary redis host 
2026-02-20 13:01:57 [nmbp-admin-backend] info: objectStorageUtility :: Using Minio 
2026-02-20 13:01:58 [nmbp-admin-backend] info: app :: Server Started :: Listening to port [7003] 
2026-02-20 13:01:58 [nmbp-admin-backend] info: redis :: redis client connected 
2026-02-20 13:01:58 [nmbp-admin-backend] info: redis :: redis clientReader connected 
2026-02-20 13:01:59 [nmbp-admin-backend] info: mongoDB :: Connected successfully to MongoDB server 
2026-02-20 13:01:59 [nmbp-admin-backend] info: mongoDBRead :: Connected successfully to MongoDB Read server 
2026-02-20 13:04:46 [nmbp-admin-backend] info: >>>>>>>>>>>>>>>>>>>>>>>>>>>>>>>>>>>>>>>>>>>>>>> 
2026-02-20 13:04:46 [nmbp-admin-backend] info: Read Token Successfully for User : 8766516289 
2026-02-20 13:04:46 [nmbp-admin-backend] info: rolesController :: getCombinedAccess :: Request received 
2026-02-20 13:04:46 [nmbp-admin-backend] debug: rolesRepository :: getCombinedAccess :: roleId :: 8 :: query :: {"text":"\n        SELECT\n            m.menu_name,\n            m.icon_class,\n            m.route_url,\n            p.permission_name AS access\n        FROM\n            access_control ac\n        JOIN\n            m_menus m ON ac.menu_id = m.menu_id\n        JOIN\n            m_permissions p ON ac.permission_id = p.permission_id\n        WHERE\n            ac.role_id = $1\n        ORDER BY\n            m.menu_order ASC,\n            m.date_created ASC;\n    ","values":[8]} 
2026-02-20 13:04:46 [nmbp-admin-backend] debug: rolesRepository :: getCombinedAccess :: roleId :: 8 :: db result :: [{"menu_name":"Dashboard","icon_class":"fa-solid fa-chart-line","route_url":"/dashboard","access":"Write"},{"menu_name":"User Management","icon_class":"fa-solid fa-users","route_url":"/user-management","access":"Write"},{"menu_name":"Role Management","icon_class":"fa-solid fa-user-shield","route_url":"/role-management","access":"Write"},{"menu_name":"Password Policy","icon_class":"fa-solid fa-lock","route_url":"/password-policy","access":"Write"}] 
2026-02-20 13:04:46 [nmbp-admin-backend] info: >>>>>>>>>>>>>>>>>>>>>>>>>>>>>>>>>>>>>>>>>>>>>>> 
2026-02-20 13:04:46 [nmbp-admin-backend] info: Read Token Successfully for User : 8766516289 
2026-02-20 13:04:46 [nmbp-admin-backend] info: usersController :: listUsers:: Request received 
2026-02-20 13:04:46 [nmbp-admin-backend] debug: usersController :: listUsers :: parased parameters :: pageSize :: 11 :: currentPage :: 1 :: searchQuery ::  
2026-02-20 13:04:46 [nmbp-admin-backend] info: usersRepository :: usersUpdatedWithinfiveMinutes :: Inside usersUsersUpdatedWithinfiveMinutes 
2026-02-20 13:04:46 [nmbp-admin-backend] debug: usersRepository :: usersUpdatedWithinfiveMinutes :: query :: {"text":"SELECT COUNT(*) as count FROM vw_m_users WHERE date_updated >= NOW() - INTERVAL '5 minutes'"} 
2026-02-20 13:04:46 [nmbp-admin-backend] info: usersService :: listusers :: pageSize :: 11 :: currentPage :: 0 :: searchQuery ::  :: userId :: 3 :: query :: {"text":"SELECT * from vw_m_users WHERE status <> 2 AND created_by = '3' LIMIT 11"} 
2026-02-20 13:04:46 [nmbp-admin-backend] info: usersRepository :: usersUpdatedWithinfiveMinutes :: Inside usersUsersUpdatedWithinfiveMinutes 
2026-02-20 13:04:46 [nmbp-admin-backend] debug: usersRepository :: usersUpdatedWithinfiveMinutes :: query :: {"text":"SELECT COUNT(*) as count FROM vw_m_users WHERE date_updated >= NOW() - INTERVAL '5 minutes'"} 
2026-02-20 13:04:46 [nmbp-admin-backend] debug: usersService :: getUsersCount :: query :: {"text":"SELECT count(*) as count from vw_m_users WHERE status <> 2","values":[]} 
2026-02-20 13:04:46 [nmbp-admin-backend] debug: usersService :: getUsersCount :: db result :: [{"count":"4"}] 
2026-02-20 13:05:11 [nmbp-admin-backend] info: >>>>>>>>>>>>>>>>>>>>>>>>>>>>>>>>>>>>>>>>>>>>>>> 
2026-02-20 13:05:11 [nmbp-admin-backend] info: Read Token Successfully for User : 9028513324 
2026-02-20 13:05:11 [nmbp-admin-backend] info: rolesController :: getCombinedAccess :: Request received 
2026-02-20 13:05:11 [nmbp-admin-backend] debug: rolesRepository :: getCombinedAccess :: roleId :: 1 :: query :: {"text":"\n        SELECT\n            m.menu_name,\n            m.icon_class,\n            m.route_url,\n            p.permission_name AS access\n        FROM\n            access_control ac\n        JOIN\n            m_menus m ON ac.menu_id = m.menu_id\n        JOIN\n            m_permissions p ON ac.permission_id = p.permission_id\n        WHERE\n            ac.role_id = $1\n        ORDER BY\n            m.menu_order ASC,\n            m.date_created ASC;\n    ","values":[1]} 
2026-02-20 13:05:11 [nmbp-admin-backend] debug: rolesRepository :: getCombinedAccess :: roleId :: 1 :: db result :: [{"menu_name":"Dashboard","icon_class":"fa-solid fa-chart-line","route_url":"/dashboard","access":"Write"},{"menu_name":"User Management","icon_class":"fa-solid fa-users","route_url":"/user-management","access":"Write"},{"menu_name":"Role Management","icon_class":"fa-solid fa-user-shield","route_url":"/role-management","access":"Write"},{"menu_name":"Password Policy","icon_class":"fa-solid fa-lock","route_url":"/password-policy","access":"Write"}] 
2026-02-20 13:05:11 [nmbp-admin-backend] info: >>>>>>>>>>>>>>>>>>>>>>>>>>>>>>>>>>>>>>>>>>>>>>> 
2026-02-20 13:05:11 [nmbp-admin-backend] info: Read Token Successfully for User : 9028513324 
2026-02-20 13:05:11 [nmbp-admin-backend] info: usersController :: listUsers:: Request received 
2026-02-20 13:05:11 [nmbp-admin-backend] debug: usersController :: listUsers :: parased parameters :: pageSize :: 11 :: currentPage :: 1 :: searchQuery ::  
2026-02-20 13:05:11 [nmbp-admin-backend] info: usersRepository :: usersUpdatedWithinfiveMinutes :: Inside usersUsersUpdatedWithinfiveMinutes 
2026-02-20 13:05:11 [nmbp-admin-backend] debug: usersRepository :: usersUpdatedWithinfiveMinutes :: query :: {"text":"SELECT COUNT(*) as count FROM vw_m_users WHERE date_updated >= NOW() - INTERVAL '5 minutes'"} 
2026-02-20 13:05:11 [nmbp-admin-backend] info: usersService :: listusers :: pageSize :: 11 :: currentPage :: 0 :: searchQuery ::  :: userId :: 1 :: query :: {"text":"SELECT * from vw_m_users WHERE status <> 2 AND created_by = '1' LIMIT 11"} 
2026-02-20 13:05:11 [nmbp-admin-backend] info: usersRepository :: usersUpdatedWithinfiveMinutes :: Inside usersUsersUpdatedWithinfiveMinutes 
2026-02-20 13:05:11 [nmbp-admin-backend] debug: usersRepository :: usersUpdatedWithinfiveMinutes :: query :: {"text":"SELECT COUNT(*) as count FROM vw_m_users WHERE date_updated >= NOW() - INTERVAL '5 minutes'"} 
2026-02-20 13:05:11 [nmbp-admin-backend] debug: usersService :: getUsersCount :: cached result :: 4 
2026-02-20 13:14:12 [nmbp-admin-backend] info: redis :: redis replica connection end undefined 
2026-02-20 13:14:12 [nmbp-admin-backend] info: redis :: redis primary connection end undefined 
2026-02-20 13:14:12 [nmbp-admin-backend] error: redis :: redis replica connection error ::  Error: Redis connection to 127.0.0.1:6379 failed - connect ECONNREFUSED 127.0.0.1:6379 
2026-02-20 13:14:12 [nmbp-admin-backend] error: uncaughtException: Redis connection to 127.0.0.1:6379 failed - connect ECONNREFUSED 127.0.0.1:6379
Error: connect ECONNREFUSED 127.0.0.1:6379
    at TCPConnectWrap.afterConnect [as oncomplete] (node:net:1555:16) 
2026-02-20 16:03:00 [nmbp-admin-backend] info: redis :: Redis replica host not found. falling back to the primary redis host 
2026-02-20 16:03:02 [nmbp-admin-backend] info: objectStorageUtility :: Using Minio 
2026-02-20 16:03:03 [nmbp-admin-backend] info: app :: Server Started :: Listening to port [7003] 
2026-02-20 16:03:03 [nmbp-admin-backend] info: redis :: redis client connected 
2026-02-20 16:03:03 [nmbp-admin-backend] info: redis :: redis clientReader connected 
2026-02-20 16:03:03 [nmbp-admin-backend] info: mongoDB :: Connected successfully to MongoDB server 
2026-02-20 16:03:03 [nmbp-admin-backend] info: mongoDBRead :: Connected successfully to MongoDB Read server 
2026-02-20 16:06:04 [nmbp-admin-backend] info: >>>>>>>>>>>>>>>>>>>>>>>>>>>>>>>>>>>>>>>>>>>>>>> 
2026-02-20 16:06:04 [nmbp-admin-backend] info: Read Token Successfully for User : 8766516289 
2026-02-20 16:06:04 [nmbp-admin-backend] info: rolesController :: getCombinedAccess :: Request received 
2026-02-20 16:06:04 [nmbp-admin-backend] debug: rolesService :: getCombinedAccess :: roleId :: 8 :: cached result :: [{"menu_name":"Dashboard","icon_class":"fa-solid fa-chart-line","route_url":"/dashboard","access":"Write"},{"menu_name":"User Management","icon_class":"fa-solid fa-users","route_url":"/user-management","access":"Write"},{"menu_name":"Role Management","icon_class":"fa-solid fa-user-shield","route_url":"/role-management","access":"Write"},{"menu_name":"Password Policy","icon_class":"fa-solid fa-lock","route_url":"/password-policy","access":"Write"}] 
2026-02-20 16:06:04 [nmbp-admin-backend] info: >>>>>>>>>>>>>>>>>>>>>>>>>>>>>>>>>>>>>>>>>>>>>>> 
2026-02-20 16:06:04 [nmbp-admin-backend] info: Read Token Successfully for User : 8766516289 
2026-02-20 16:06:04 [nmbp-admin-backend] info: usersController :: listUsers:: Request received 
2026-02-20 16:06:04 [nmbp-admin-backend] debug: usersController :: listUsers :: parased parameters :: pageSize :: 11 :: currentPage :: 1 :: searchQuery ::  
2026-02-20 16:06:04 [nmbp-admin-backend] info: usersRepository :: usersUpdatedWithinfiveMinutes :: Inside usersUsersUpdatedWithinfiveMinutes 
2026-02-20 16:06:04 [nmbp-admin-backend] debug: usersRepository :: usersUpdatedWithinfiveMinutes :: query :: {"text":"SELECT COUNT(*) as count FROM vw_m_users WHERE date_updated >= NOW() - INTERVAL '5 minutes'"} 
2026-02-20 16:06:05 [nmbp-admin-backend] debug: usersService :: listusers :: pageSize :: 11 :: currentPage :: 0 :: searchQuery ::  :: userId :: 3 :: cached result :: [{"user_id":38,"user_name":"9111111111","first_name":"Aman","last_name":"Kumar","mobile_number":"9111111111","created_by":"3","email_id":"aman@gmail.com","gender":null,"dob":null,"role_id":11,"date_created":"2026-02-18T23:57:58.909Z","date_updated":"2026-02-18T23:57:58.909Z","status":1,"display_name":"Aman Kumar","last_logged_in_out":null,"role_name":"Survey Admin"},{"user_id":39,"user_name":"9222222222","first_name":"Vijay","last_name":"Kumar","mobile_number":"9222222222","created_by":"3","email_id":"vijay@abc.com","gender":null,"dob":null,"role_id":12,"date_created":"2026-02-19T00:53:29.829Z","date_updated":"2026-02-19T00:53:29.829Z","status":1,"display_name":"Vijay Kumar","last_logged_in_out":null,"role_name":"Manager"}] 
2026-02-20 16:06:05 [nmbp-admin-backend] info: usersRepository :: usersUpdatedWithinfiveMinutes :: Inside usersUsersUpdatedWithinfiveMinutes 
2026-02-20 16:06:05 [nmbp-admin-backend] debug: usersRepository :: usersUpdatedWithinfiveMinutes :: query :: {"text":"SELECT COUNT(*) as count FROM vw_m_users WHERE date_updated >= NOW() - INTERVAL '5 minutes'"} 
2026-02-20 16:06:05 [nmbp-admin-backend] debug: usersService :: getUsersCount :: cached result :: 4 
